0 info it worked if it ends with ok
1 verbose cli [ '/usr/local/Cellar/node@5/5.11.1/bin/node',
1 verbose cli   '/usr/local/bin/npm',
1 verbose cli   'run',
1 verbose cli   'serve' ]
2 info using npm@3.8.6
3 info using node@v5.11.1
4 verbose run-script [ 'preserve', 'serve', 'postserve' ]
5 info lifecycle presidium@0.0.1~preserve: presidium@0.0.1
6 silly lifecycle presidium@0.0.1~preserve: no script for preserve, continuing
7 info lifecycle presidium@0.0.1~serve: presidium@0.0.1
8 verbose lifecycle presidium@0.0.1~serve: unsafe-perm in lifecycle true
9 verbose lifecycle presidium@0.0.1~serve: PATH: /usr/local/lib/node_modules/npm/bin/node-gyp-bin:/Users/paco/Workspace/span/presidium/presidium/node_modules/.bin:/usr/local/Cellar/node@5/5.11.1/bin:/usr/local/bin:/usr/local/bin:/usr/bin:/bin:/usr/sbin:/sbin:/Applications/Postgres.app/Contents/Versions/latest/bin
10 verbose lifecycle presidium@0.0.1~serve: CWD: /Users/paco/Workspace/span/presidium/presidium
11 silly lifecycle presidium@0.0.1~serve: Args: [ '-c', 'cd ./dist && jekyll serve' ]
12 silly lifecycle presidium@0.0.1~serve: Returned: code: 1  signal: null
13 info lifecycle presidium@0.0.1~serve: Failed to exec serve script
14 verbose stack Error: presidium@0.0.1 serve: `cd ./dist && jekyll serve`
14 verbose stack Exit status 1
14 verbose stack     at EventEmitter.<anonymous> (/usr/local/lib/node_modules/npm/lib/utils/lifecycle.js:239:16)
14 verbose stack     at emitTwo (events.js:100:13)
14 verbose stack     at EventEmitter.emit (events.js:185:7)
14 verbose stack     at ChildProcess.<anonymous> (/usr/local/lib/node_modules/npm/lib/utils/spawn.js:24:14)
14 verbose stack     at emitTwo (events.js:100:13)
14 verbose stack     at ChildProcess.emit (events.js:185:7)
14 verbose stack     at maybeClose (internal/child_process.js:850:16)
14 verbose stack     at Process.ChildProcess._handle.onexit (internal/child_process.js:215:5)
15 verbose pkgid presidium@0.0.1
16 verbose cwd /Users/paco/Workspace/span/presidium/presidium/.build/presidium-core
17 error Darwin 16.3.0
18 error argv "/usr/local/Cellar/node@5/5.11.1/bin/node" "/usr/local/bin/npm" "run" "serve"
19 error node v5.11.1
20 error npm  v3.8.6
21 error code ELIFECYCLE
22 error presidium@0.0.1 serve: `cd ./dist && jekyll serve`
22 error Exit status 1
23 error Failed at the presidium@0.0.1 serve script 'cd ./dist && jekyll serve'.
23 error Make sure you have the latest version of node.js and npm installed.
23 error If you do, this is most likely a problem with the presidium package,
23 error not with npm itself.
23 error Tell the author that this fails on your system:
23 error     cd ./dist && jekyll serve
23 error You can get information on how to open an issue for this project with:
23 error     npm bugs presidium
23 error Or if that isn't available, you can get their info via:
23 error     npm owner ls presidium
23 error There is likely additional logging output above.
24 verbose exit [ 1, true ]
